>> Writing PID to tmp/pids/thin.pid
No adapter found for /home/ruby/test-app/config
>> Exiting!
>> Writing PID to tmp/pids/thin.pid
>> Exiting!
/home/ruby/.rvm/gems/ruby-1.9.3-p194/gems/execjs-1.4.0/lib/execjs/runtimes.rb:51:in `autodetect': Could not find a JavaScript runtime. See https://github.com/sstephenson/execjs for a list of available runtimes. (ExecJS::RuntimeUnavailable)
	from /home/ruby/.rvm/gems/ruby-1.9.3-p194/gems/execjs-1.4.0/lib/execjs.rb:5:in `<module:ExecJS>'
	from /home/ruby/.rvm/gems/ruby-1.9.3-p194/gems/execjs-1.4.0/lib/execjs.rb:4:in `<top (required)>'
	from /home/ruby/.rvm/gems/ruby-1.9.3-p194/gems/coffee-script-2.2.0/lib/coffee_script.rb:1:in `require'
	from /home/ruby/.rvm/gems/ruby-1.9.3-p194/gems/coffee-script-2.2.0/lib/coffee_script.rb:1:in `<top (required)>'
	from /home/ruby/.rvm/gems/ruby-1.9.3-p194/gems/coffee-script-2.2.0/lib/coffee-script.rb:1:in `require'
	from /home/ruby/.rvm/gems/ruby-1.9.3-p194/gems/coffee-script-2.2.0/lib/coffee-script.rb:1:in `<top (required)>'
	from /home/ruby/.rvm/gems/ruby-1.9.3-p194/gems/coffee-rails-3.2.2/lib/coffee-rails.rb:1:in `require'
	from /home/ruby/.rvm/gems/ruby-1.9.3-p194/gems/coffee-rails-3.2.2/lib/coffee-rails.rb:1:in `<top (required)>'
	from /home/ruby/.rvm/gems/ruby-1.9.3-p194@global/gems/bundler-1.1.4/lib/bundler/runtime.rb:68:in `require'
	from /home/ruby/.rvm/gems/ruby-1.9.3-p194@global/gems/bundler-1.1.4/lib/bundler/runtime.rb:68:in `block (2 levels) in require'
	from /home/ruby/.rvm/gems/ruby-1.9.3-p194@global/gems/bundler-1.1.4/lib/bundler/runtime.rb:66:in `each'
	from /home/ruby/.rvm/gems/ruby-1.9.3-p194@global/gems/bundler-1.1.4/lib/bundler/runtime.rb:66:in `block in require'
	from /home/ruby/.rvm/gems/ruby-1.9.3-p194@global/gems/bundler-1.1.4/lib/bundler/runtime.rb:55:in `each'
	from /home/ruby/.rvm/gems/ruby-1.9.3-p194@global/gems/bundler-1.1.4/lib/bundler/runtime.rb:55:in `require'
	from /home/ruby/.rvm/gems/ruby-1.9.3-p194@global/gems/bundler-1.1.4/lib/bundler.rb:119:in `require'
	from /home/ruby/test-app/config/application.rb:7:in `<top (required)>'
	from /home/ruby/.rvm/rubies/ruby-1.9.3-p194/lib/ruby/site_ruby/1.9.1/rubygems/custom_require.rb:36:in `require'
	from /home/ruby/.rvm/rubies/ruby-1.9.3-p194/lib/ruby/site_ruby/1.9.1/rubygems/custom_require.rb:36:in `require'
	from /home/ruby/test-app/config/environment.rb:2:in `<top (required)>'
	from /home/ruby/.rvm/rubies/ruby-1.9.3-p194/lib/ruby/site_ruby/1.9.1/rubygems/custom_require.rb:36:in `require'
	from /home/ruby/.rvm/rubies/ruby-1.9.3-p194/lib/ruby/site_ruby/1.9.1/rubygems/custom_require.rb:36:in `require'
	from ../config.ru:3:in `block in <main>'
	from /home/ruby/.rvm/gems/ruby-1.9.3-p194/gems/rack-1.4.1/lib/rack/builder.rb:51:in `instance_eval'
	from /home/ruby/.rvm/gems/ruby-1.9.3-p194/gems/rack-1.4.1/lib/rack/builder.rb:51:in `initialize'
	from ../config.ru:1:in `new'
	from ../config.ru:1:in `<main>'
	from /home/ruby/.rvm/gems/ruby-1.9.3-p194/gems/thin-1.4.1/lib/rack/adapter/loader.rb:33:in `eval'
	from /home/ruby/.rvm/gems/ruby-1.9.3-p194/gems/thin-1.4.1/lib/rack/adapter/loader.rb:33:in `load'
	from /home/ruby/.rvm/gems/ruby-1.9.3-p194/gems/thin-1.4.1/lib/thin/controllers/controller.rb:181:in `load_rackup_config'
	from /home/ruby/.rvm/gems/ruby-1.9.3-p194/gems/thin-1.4.1/lib/thin/controllers/controller.rb:71:in `start'
	from /home/ruby/.rvm/gems/ruby-1.9.3-p194/gems/thin-1.4.1/lib/thin/runner.rb:185:in `run_command'
	from /home/ruby/.rvm/gems/ruby-1.9.3-p194/gems/thin-1.4.1/lib/thin/runner.rb:151:in `run!'
	from /home/ruby/.rvm/gems/ruby-1.9.3-p194/gems/thin-1.4.1/bin/thin:6:in `<top (required)>'
	from /home/ruby/.rvm/gems/ruby-1.9.3-p194/bin/thin:19:in `load'
	from /home/ruby/.rvm/gems/ruby-1.9.3-p194/bin/thin:19:in `<main>'
	from /home/ruby/.rvm/gems/ruby-1.9.3-p194/bin/ruby_noexec_wrapper:14:in `eval'
	from /home/ruby/.rvm/gems/ruby-1.9.3-p194/bin/ruby_noexec_wrapper:14:in `<main>'
>> Writing PID to tmp/pids/thin.pid
>> Thin web server (v1.4.1 codename Chromeo)
>> Maximum connections set to 1024
>> Listening on 0.0.0.0:3000, CTRL+C to stop
>> Exiting!
/home/ruby/.rvm/gems/ruby-1.9.3-p194/gems/thin-1.4.1/lib/thin/backends/tcp_server.rb:16:in `connect': cannot load such file -- thin/connection (LoadError)
	from /home/ruby/.rvm/gems/ruby-1.9.3-p194/gems/thin-1.4.1/lib/thin/backends/base.rb:55:in `block in start'
	from /home/ruby/.rvm/gems/ruby-1.9.3-p194/gems/eventmachine-0.12.10/lib/eventmachine.rb:256:in `call'
	from /home/ruby/.rvm/gems/ruby-1.9.3-p194/gems/eventmachine-0.12.10/lib/eventmachine.rb:256:in `run_machine'
	from /home/ruby/.rvm/gems/ruby-1.9.3-p194/gems/eventmachine-0.12.10/lib/eventmachine.rb:256:in `run'
	from /home/ruby/.rvm/gems/ruby-1.9.3-p194/gems/thin-1.4.1/lib/thin/backends/base.rb:63:in `start'
	from /home/ruby/.rvm/gems/ruby-1.9.3-p194/gems/thin-1.4.1/lib/thin/server.rb:159:in `start'
	from /home/ruby/.rvm/gems/ruby-1.9.3-p194/gems/thin-1.4.1/lib/thin/controllers/controller.rb:86:in `start'
	from /home/ruby/.rvm/gems/ruby-1.9.3-p194/gems/thin-1.4.1/lib/thin/runner.rb:185:in `run_command'
	from /home/ruby/.rvm/gems/ruby-1.9.3-p194/gems/thin-1.4.1/lib/thin/runner.rb:151:in `run!'
	from /home/ruby/.rvm/gems/ruby-1.9.3-p194/gems/thin-1.4.1/bin/thin:6:in `<top (required)>'
	from /home/ruby/.rvm/gems/ruby-1.9.3-p194/bin/thin:19:in `load'
	from /home/ruby/.rvm/gems/ruby-1.9.3-p194/bin/thin:19:in `<main>'
	from /home/ruby/.rvm/gems/ruby-1.9.3-p194/bin/ruby_noexec_wrapper:14:in `eval'
	from /home/ruby/.rvm/gems/ruby-1.9.3-p194/bin/ruby_noexec_wrapper:14:in `<main>'
>> Writing PID to tmp/pids/thin.pid
>> Thin web server (v1.4.1 codename Chromeo)
>> Maximum connections set to 1024
>> Listening on 0.0.0.0:3000, CTRL+C to stop
>> Exiting!
/home/ruby/.rvm/gems/ruby-1.9.3-p194/gems/thin-1.4.1/lib/thin/backends/tcp_server.rb:16:in `connect': cannot load such file -- thin/connection (LoadError)
	from /home/ruby/.rvm/gems/ruby-1.9.3-p194/gems/thin-1.4.1/lib/thin/backends/base.rb:55:in `block in start'
	from /home/ruby/.rvm/gems/ruby-1.9.3-p194/gems/eventmachine-0.12.10/lib/eventmachine.rb:256:in `call'
	from /home/ruby/.rvm/gems/ruby-1.9.3-p194/gems/eventmachine-0.12.10/lib/eventmachine.rb:256:in `run_machine'
	from /home/ruby/.rvm/gems/ruby-1.9.3-p194/gems/eventmachine-0.12.10/lib/eventmachine.rb:256:in `run'
	from /home/ruby/.rvm/gems/ruby-1.9.3-p194/gems/thin-1.4.1/lib/thin/backends/base.rb:63:in `start'
	from /home/ruby/.rvm/gems/ruby-1.9.3-p194/gems/thin-1.4.1/lib/thin/server.rb:159:in `start'
	from /home/ruby/.rvm/gems/ruby-1.9.3-p194/gems/thin-1.4.1/lib/thin/controllers/controller.rb:86:in `start'
	from /home/ruby/.rvm/gems/ruby-1.9.3-p194/gems/thin-1.4.1/lib/thin/runner.rb:185:in `run_command'
	from /home/ruby/.rvm/gems/ruby-1.9.3-p194/gems/thin-1.4.1/lib/thin/runner.rb:151:in `run!'
	from /home/ruby/.rvm/gems/ruby-1.9.3-p194/gems/thin-1.4.1/bin/thin:6:in `<top (required)>'
	from /home/ruby/.rvm/gems/ruby-1.9.3-p194/bin/thin:19:in `load'
	from /home/ruby/.rvm/gems/ruby-1.9.3-p194/bin/thin:19:in `<main>'
	from /home/ruby/.rvm/gems/ruby-1.9.3-p194/bin/ruby_noexec_wrapper:14:in `eval'
	from /home/ruby/.rvm/gems/ruby-1.9.3-p194/bin/ruby_noexec_wrapper:14:in `<main>'
>> Writing PID to tmp/pids/thin.pid
>> Thin web server (v1.4.1 codename Chromeo)
>> Maximum connections set to 1024
>> Listening on 0.0.0.0:3000, CTRL+C to stop
>> Exiting!
/home/ruby/.rvm/gems/ruby-1.9.3-p194/gems/thin-1.4.1/lib/thin/backends/tcp_server.rb:16:in `connect': cannot load such file -- thin/connection (LoadError)
	from /home/ruby/.rvm/gems/ruby-1.9.3-p194/gems/thin-1.4.1/lib/thin/backends/base.rb:55:in `block in start'
	from /home/ruby/.rvm/gems/ruby-1.9.3-p194/gems/eventmachine-0.12.10/lib/eventmachine.rb:256:in `call'
	from /home/ruby/.rvm/gems/ruby-1.9.3-p194/gems/eventmachine-0.12.10/lib/eventmachine.rb:256:in `run_machine'
	from /home/ruby/.rvm/gems/ruby-1.9.3-p194/gems/eventmachine-0.12.10/lib/eventmachine.rb:256:in `run'
	from /home/ruby/.rvm/gems/ruby-1.9.3-p194/gems/thin-1.4.1/lib/thin/backends/base.rb:63:in `start'
	from /home/ruby/.rvm/gems/ruby-1.9.3-p194/gems/thin-1.4.1/lib/thin/server.rb:159:in `start'
	from /home/ruby/.rvm/gems/ruby-1.9.3-p194/gems/thin-1.4.1/lib/thin/controllers/controller.rb:86:in `start'
	from /home/ruby/.rvm/gems/ruby-1.9.3-p194/gems/thin-1.4.1/lib/thin/runner.rb:185:in `run_command'
	from /home/ruby/.rvm/gems/ruby-1.9.3-p194/gems/thin-1.4.1/lib/thin/runner.rb:151:in `run!'
	from /home/ruby/.rvm/gems/ruby-1.9.3-p194/gems/thin-1.4.1/bin/thin:6:in `<top (required)>'
	from /home/ruby/.rvm/gems/ruby-1.9.3-p194/bin/thin:19:in `load'
	from /home/ruby/.rvm/gems/ruby-1.9.3-p194/bin/thin:19:in `<main>'
	from /home/ruby/.rvm/gems/ruby-1.9.3-p194/bin/ruby_noexec_wrapper:14:in `eval'
	from /home/ruby/.rvm/gems/ruby-1.9.3-p194/bin/ruby_noexec_wrapper:14:in `<main>'
>> Writing PID to tmp/pids/thin.pid
>> Thin web server (v1.4.1 codename Chromeo)
>> Maximum connections set to 1024
>> Listening on 0.0.0.0:3000, CTRL+C to stop
>> Exiting!
/home/ruby/.rvm/gems/ruby-1.9.3-p194/gems/thin-1.4.1/lib/thin/backends/tcp_server.rb:16:in `connect': cannot load such file -- thin/connection (LoadError)
	from /home/ruby/.rvm/gems/ruby-1.9.3-p194/gems/thin-1.4.1/lib/thin/backends/base.rb:55:in `block in start'
	from /home/ruby/.rvm/gems/ruby-1.9.3-p194/gems/eventmachine-0.12.10/lib/eventmachine.rb:256:in `call'
	from /home/ruby/.rvm/gems/ruby-1.9.3-p194/gems/eventmachine-0.12.10/lib/eventmachine.rb:256:in `run_machine'
	from /home/ruby/.rvm/gems/ruby-1.9.3-p194/gems/eventmachine-0.12.10/lib/eventmachine.rb:256:in `run'
	from /home/ruby/.rvm/gems/ruby-1.9.3-p194/gems/thin-1.4.1/lib/thin/backends/base.rb:63:in `start'
	from /home/ruby/.rvm/gems/ruby-1.9.3-p194/gems/thin-1.4.1/lib/thin/server.rb:159:in `start'
	from /home/ruby/.rvm/gems/ruby-1.9.3-p194/gems/thin-1.4.1/lib/thin/controllers/controller.rb:86:in `start'
	from /home/ruby/.rvm/gems/ruby-1.9.3-p194/gems/thin-1.4.1/lib/thin/runner.rb:185:in `run_command'
	from /home/ruby/.rvm/gems/ruby-1.9.3-p194/gems/thin-1.4.1/lib/thin/runner.rb:151:in `run!'
	from /home/ruby/.rvm/gems/ruby-1.9.3-p194/gems/thin-1.4.1/bin/thin:6:in `<top (required)>'
	from /home/ruby/.rvm/gems/ruby-1.9.3-p194/bin/thin:19:in `load'
	from /home/ruby/.rvm/gems/ruby-1.9.3-p194/bin/thin:19:in `<main>'
	from /home/ruby/.rvm/gems/ruby-1.9.3-p194/bin/ruby_noexec_wrapper:14:in `eval'
	from /home/ruby/.rvm/gems/ruby-1.9.3-p194/bin/ruby_noexec_wrapper:14:in `<main>'
>> Writing PID to tmp/pids/thin.pid
>> Exiting!
/home/ruby/.rvm/gems/ruby-1.9.3-p194/gems/thin-1.4.1/lib/rack/adapter/loader.rb:32:in `read': No such file or directory - config.ru (Errno::ENOENT)
	from /home/ruby/.rvm/gems/ruby-1.9.3-p194/gems/thin-1.4.1/lib/rack/adapter/loader.rb:32:in `load'
	from /home/ruby/.rvm/gems/ruby-1.9.3-p194/gems/thin-1.4.1/lib/thin/controllers/controller.rb:181:in `load_rackup_config'
	from /home/ruby/.rvm/gems/ruby-1.9.3-p194/gems/thin-1.4.1/lib/thin/controllers/controller.rb:71:in `start'
	from /home/ruby/.rvm/gems/ruby-1.9.3-p194/gems/thin-1.4.1/lib/thin/runner.rb:185:in `run_command'
	from /home/ruby/.rvm/gems/ruby-1.9.3-p194/gems/thin-1.4.1/lib/thin/runner.rb:151:in `run!'
	from /home/ruby/.rvm/gems/ruby-1.9.3-p194/gems/thin-1.4.1/bin/thin:6:in `<top (required)>'
	from /home/ruby/.rvm/gems/ruby-1.9.3-p194/bin/thin:19:in `load'
	from /home/ruby/.rvm/gems/ruby-1.9.3-p194/bin/thin:19:in `<main>'
	from /home/ruby/.rvm/gems/ruby-1.9.3-p194/bin/ruby_noexec_wrapper:14:in `eval'
	from /home/ruby/.rvm/gems/ruby-1.9.3-p194/bin/ruby_noexec_wrapper:14:in `<main>'
